CRITICAL - 2022-04-19 02:53:43 --> Invalid file: templete.php
#0 D:\programFiles\xampp\htdocs\theme\system\View\View.php(198): CodeIgniter\Exceptions\FrameworkException::forInvalidFile('templete.php')
#1 D:\programFiles\xampp\htdocs\theme\system\View\View.php(226): CodeIgniter\View\View->render('templete', Array, true)
#2 D:\programFiles\xampp\htdocs\theme\system\Common.php(1089): CodeIgniter\View\View->render('home_page', Array, true)
#3 D:\programFiles\xampp\htdocs\theme\app\Controllers\Home.php(10): view('home_page')
#4 D:\programFiles\xampp\htdocs\theme\system\CodeIgniter.php(832): App\Controllers\Home->index()
#5 D:\programFiles\xampp\htdocs\theme\system\CodeIgniter.php(419): CodeIgniter\CodeIgniter->runController(Object(App\Controllers\Home))
#6 D:\programFiles\xampp\htdocs\theme\system\CodeIgniter.php(326): CodeIgniter\CodeIgniter->handleRequest(NULL, Object(Config\Cache), false)
#7 D:\programFiles\xampp\htdocs\theme\public\index.php(37): CodeIgniter\CodeIgniter->run()
#8 D:\programFiles\xampp\htdocs\theme\system\Commands\Server\rewrite.php(43): require_once('D:\\programFiles...')
#9 {main}
CRITICAL - 2022-04-19 05:52:54 --> Call to undefined function form_open()
#0 D:\programFiles\xampp\htdocs\theme\system\View\View.php(210): include()
#1 D:\programFiles\xampp\htdocs\theme\system\View\View.php(213): CodeIgniter\View\View->CodeIgniter\View\{closure}()
#2 D:\programFiles\xampp\htdocs\theme\system\Common.php(1089): CodeIgniter\View\View->render('register', Array, true)
#3 D:\programFiles\xampp\htdocs\theme\app\Controllers\UserAuth.php(14): view('register')
#4 D:\programFiles\xampp\htdocs\theme\system\CodeIgniter.php(832): App\Controllers\UserAuth->register()
#5 D:\programFiles\xampp\htdocs\theme\system\CodeIgniter.php(419): CodeIgniter\CodeIgniter->runController(Object(App\Controllers\UserAuth))
#6 D:\programFiles\xampp\htdocs\theme\system\CodeIgniter.php(326): CodeIgniter\CodeIgniter->handleRequest(NULL, Object(Config\Cache), false)
#7 D:\programFiles\xampp\htdocs\theme\public\index.php(37): CodeIgniter\CodeIgniter->run()
#8 D:\programFiles\xampp\htdocs\theme\system\Commands\Server\rewrite.php(43): require_once('D:\\programFiles...')
#9 {main}
CRITICAL - 2022-04-19 05:58:32 --> Undefined property: App\Controllers\UserAuth::$input
#0 D:\programFiles\xampp\htdocs\theme\app\Controllers\UserAuth.php(15): CodeIgniter\Debug\Exceptions->errorHandler(8, 'Undefined prope...', 'D:\\programFiles...', 15, Array)
#1 D:\programFiles\xampp\htdocs\theme\system\CodeIgniter.php(832): App\Controllers\UserAuth->register()
#2 D:\programFiles\xampp\htdocs\theme\system\CodeIgniter.php(419): CodeIgniter\CodeIgniter->runController(Object(App\Controllers\UserAuth))
#3 D:\programFiles\xampp\htdocs\theme\system\CodeIgniter.php(326): CodeIgniter\CodeIgniter->handleRequest(NULL, Object(Config\Cache), false)
#4 D:\programFiles\xampp\htdocs\theme\public\index.php(37): CodeIgniter\CodeIgniter->run()
#5 D:\programFiles\xampp\htdocs\theme\system\Commands\Server\rewrite.php(43): require_once('D:\\programFiles...')
#6 {main}
CRITICAL - 2022-04-19 05:58:42 --> Undefined property: App\Controllers\UserAuth::$input
#0 D:\programFiles\xampp\htdocs\theme\app\Controllers\UserAuth.php(15): CodeIgniter\Debug\Exceptions->errorHandler(8, 'Undefined prope...', 'D:\\programFiles...', 15, Array)
#1 D:\programFiles\xampp\htdocs\theme\system\CodeIgniter.php(832): App\Controllers\UserAuth->register()
#2 D:\programFiles\xampp\htdocs\theme\system\CodeIgniter.php(419): CodeIgniter\CodeIgniter->runController(Object(App\Controllers\UserAuth))
#3 D:\programFiles\xampp\htdocs\theme\system\CodeIgniter.php(326): CodeIgniter\CodeIgniter->handleRequest(NULL, Object(Config\Cache), false)
#4 D:\programFiles\xampp\htdocs\theme\public\index.php(37): CodeIgniter\CodeIgniter->run()
#5 D:\programFiles\xampp\htdocs\theme\system\Commands\Server\rewrite.php(43): require_once('D:\\programFiles...')
#6 {main}
CRITICAL - 2022-04-19 06:00:34 --> Undefined variable: request
#0 D:\programFiles\xampp\htdocs\theme\app\Controllers\UserAuth.php(15): CodeIgniter\Debug\Exceptions->errorHandler(8, 'Undefined varia...', 'D:\\programFiles...', 15, Array)
#1 D:\programFiles\xampp\htdocs\theme\system\CodeIgniter.php(832): App\Controllers\UserAuth->register()
#2 D:\programFiles\xampp\htdocs\theme\system\CodeIgniter.php(419): CodeIgniter\CodeIgniter->runController(Object(App\Controllers\UserAuth))
#3 D:\programFiles\xampp\htdocs\theme\system\CodeIgniter.php(326): CodeIgniter\CodeIgniter->handleRequest(NULL, Object(Config\Cache), false)
#4 D:\programFiles\xampp\htdocs\theme\public\index.php(37): CodeIgniter\CodeIgniter->run()
#5 D:\programFiles\xampp\htdocs\theme\system\Commands\Server\rewrite.php(43): require_once('D:\\programFiles...')
#6 {main}
CRITICAL - 2022-04-19 06:00:44 --> Undefined variable: request
#0 D:\programFiles\xampp\htdocs\theme\app\Controllers\UserAuth.php(15): CodeIgniter\Debug\Exceptions->errorHandler(8, 'Undefined varia...', 'D:\\programFiles...', 15, Array)
#1 D:\programFiles\xampp\htdocs\theme\system\CodeIgniter.php(832): App\Controllers\UserAuth->register()
#2 D:\programFiles\xampp\htdocs\theme\system\CodeIgniter.php(419): CodeIgniter\CodeIgniter->runController(Object(App\Controllers\UserAuth))
#3 D:\programFiles\xampp\htdocs\theme\system\CodeIgniter.php(326): CodeIgniter\CodeIgniter->handleRequest(NULL, Object(Config\Cache), false)
#4 D:\programFiles\xampp\htdocs\theme\public\index.php(37): CodeIgniter\CodeIgniter->run()
#5 D:\programFiles\xampp\htdocs\theme\system\Commands\Server\rewrite.php(43): require_once('D:\\programFiles...')
#6 {main}
CRITICAL - 2022-04-19 07:01:42 --> Undefined index: st
#0 D:\programFiles\xampp\htdocs\theme\app\Views\component\flashmsg.php(6): CodeIgniter\Debug\Exceptions->errorHandler(8, 'Undefined index...', 'D:\\programFiles...', 6, Array)
#1 D:\programFiles\xampp\htdocs\theme\system\View\View.php(210): include('D:\\programFiles...')
#2 D:\programFiles\xampp\htdocs\theme\system\View\View.php(213): CodeIgniter\View\View->CodeIgniter\View\{closure}()
#3 D:\programFiles\xampp\htdocs\theme\system\View\View.php(424): CodeIgniter\View\View->render('component/flash...', NULL, true)
#4 D:\programFiles\xampp\htdocs\theme\app\Views\register.php(17): CodeIgniter\View\View->include('component/flash...')
#5 D:\programFiles\xampp\htdocs\theme\system\View\View.php(210): include('D:\\programFiles...')
#6 D:\programFiles\xampp\htdocs\theme\system\View\View.php(213): CodeIgniter\View\View->CodeIgniter\View\{closure}()
#7 D:\programFiles\xampp\htdocs\theme\system\Common.php(1089): CodeIgniter\View\View->render('register', Array, true)
#8 D:\programFiles\xampp\htdocs\theme\app\Controllers\UserAuth.php(30): view('register')
#9 D:\programFiles\xampp\htdocs\theme\system\CodeIgniter.php(832): App\Controllers\UserAuth->register()
#10 D:\programFiles\xampp\htdocs\theme\system\CodeIgniter.php(419): CodeIgniter\CodeIgniter->runController(Object(App\Controllers\UserAuth))
#11 D:\programFiles\xampp\htdocs\theme\system\CodeIgniter.php(326): CodeIgniter\CodeIgniter->handleRequest(NULL, Object(Config\Cache), false)
#12 D:\programFiles\xampp\htdocs\theme\public\index.php(37): CodeIgniter\CodeIgniter->run()
#13 D:\programFiles\xampp\htdocs\theme\system\Commands\Server\rewrite.php(43): require_once('D:\\programFiles...')
#14 {main}
CRITICAL - 2022-04-19 07:01:52 --> Undefined index: st
#0 D:\programFiles\xampp\htdocs\theme\app\Views\component\flashmsg.php(6): CodeIgniter\Debug\Exceptions->errorHandler(8, 'Undefined index...', 'D:\\programFiles...', 6, Array)
#1 D:\programFiles\xampp\htdocs\theme\system\View\View.php(210): include('D:\\programFiles...')
#2 D:\programFiles\xampp\htdocs\theme\system\View\View.php(213): CodeIgniter\View\View->CodeIgniter\View\{closure}()
#3 D:\programFiles\xampp\htdocs\theme\system\View\View.php(424): CodeIgniter\View\View->render('component/flash...', NULL, true)
#4 D:\programFiles\xampp\htdocs\theme\app\Views\register.php(17): CodeIgniter\View\View->include('component/flash...')
#5 D:\programFiles\xampp\htdocs\theme\system\View\View.php(210): include('D:\\programFiles...')
#6 D:\programFiles\xampp\htdocs\theme\system\View\View.php(213): CodeIgniter\View\View->CodeIgniter\View\{closure}()
#7 D:\programFiles\xampp\htdocs\theme\system\Common.php(1089): CodeIgniter\View\View->render('register', Array, true)
#8 D:\programFiles\xampp\htdocs\theme\app\Controllers\UserAuth.php(37): view('register')
#9 D:\programFiles\xampp\htdocs\theme\system\CodeIgniter.php(832): App\Controllers\UserAuth->register()
#10 D:\programFiles\xampp\htdocs\theme\system\CodeIgniter.php(419): CodeIgniter\CodeIgniter->runController(Object(App\Controllers\UserAuth))
#11 D:\programFiles\xampp\htdocs\theme\system\CodeIgniter.php(326): CodeIgniter\CodeIgniter->handleRequest(NULL, Object(Config\Cache), false)
#12 D:\programFiles\xampp\htdocs\theme\public\index.php(37): CodeIgniter\CodeIgniter->run()
#13 D:\programFiles\xampp\htdocs\theme\system\Commands\Server\rewrite.php(43): require_once('D:\\programFiles...')
#14 {main}
CRITICAL - 2022-04-19 07:09:02 --> Undefined variable: session
#0 D:\programFiles\xampp\htdocs\theme\app\Views\component\flashmsg.php(3): CodeIgniter\Debug\Exceptions->errorHandler(8, 'Undefined varia...', 'D:\\programFiles...', 3, Array)
#1 D:\programFiles\xampp\htdocs\theme\system\View\View.php(210): include('D:\\programFiles...')
#2 D:\programFiles\xampp\htdocs\theme\system\View\View.php(213): CodeIgniter\View\View->CodeIgniter\View\{closure}()
#3 D:\programFiles\xampp\htdocs\theme\system\View\View.php(424): CodeIgniter\View\View->render('component/flash...', NULL, true)
#4 D:\programFiles\xampp\htdocs\theme\app\Views\register.php(17): CodeIgniter\View\View->include('component/flash...')
#5 D:\programFiles\xampp\htdocs\theme\system\View\View.php(210): include('D:\\programFiles...')
#6 D:\programFiles\xampp\htdocs\theme\system\View\View.php(213): CodeIgniter\View\View->CodeIgniter\View\{closure}()
#7 D:\programFiles\xampp\htdocs\theme\system\Common.php(1089): CodeIgniter\View\View->render('register', Array, true)
#8 D:\programFiles\xampp\htdocs\theme\app\Controllers\UserAuth.php(37): view('register')
#9 D:\programFiles\xampp\htdocs\theme\system\CodeIgniter.php(832): App\Controllers\UserAuth->register()
#10 D:\programFiles\xampp\htdocs\theme\system\CodeIgniter.php(419): CodeIgniter\CodeIgniter->runController(Object(App\Controllers\UserAuth))
#11 D:\programFiles\xampp\htdocs\theme\system\CodeIgniter.php(326): CodeIgniter\CodeIgniter->handleRequest(NULL, Object(Config\Cache), false)
#12 D:\programFiles\xampp\htdocs\theme\public\index.php(37): CodeIgniter\CodeIgniter->run()
#13 D:\programFiles\xampp\htdocs\theme\system\Commands\Server\rewrite.php(43): require_once('D:\\programFiles...')
#14 {main}
CRITICAL - 2022-04-19 07:57:14 --> Undefined variable: validation
#0 D:\programFiles\xampp\htdocs\theme\app\Views\register.php(19): CodeIgniter\Debug\Exceptions->errorHandler(8, 'Undefined varia...', 'D:\\programFiles...', 19, Array)
#1 D:\programFiles\xampp\htdocs\theme\system\View\View.php(210): include('D:\\programFiles...')
#2 D:\programFiles\xampp\htdocs\theme\system\View\View.php(213): CodeIgniter\View\View->CodeIgniter\View\{closure}()
#3 D:\programFiles\xampp\htdocs\theme\system\Common.php(1089): CodeIgniter\View\View->render('register', Array, true)
#4 D:\programFiles\xampp\htdocs\theme\app\Controllers\UserAuth.php(51): view('register')
#5 D:\programFiles\xampp\htdocs\theme\system\CodeIgniter.php(832): App\Controllers\UserAuth->register()
#6 D:\programFiles\xampp\htdocs\theme\system\CodeIgniter.php(419): CodeIgniter\CodeIgniter->runController(Object(App\Controllers\UserAuth))
#7 D:\programFiles\xampp\htdocs\theme\system\CodeIgniter.php(326): CodeIgniter\CodeIgniter->handleRequest(NULL, Object(Config\Cache), false)
#8 D:\programFiles\xampp\htdocs\theme\public\index.php(37): CodeIgniter\CodeIgniter->run()
#9 D:\programFiles\xampp\htdocs\theme\system\Commands\Server\rewrite.php(43): require_once('D:\\programFiles...')
#10 {main}
CRITICAL - 2022-04-19 07:57:44 --> Undefined variable: validation
#0 D:\programFiles\xampp\htdocs\theme\app\Views\register.php(19): CodeIgniter\Debug\Exceptions->errorHandler(8, 'Undefined varia...', 'D:\\programFiles...', 19, Array)
#1 D:\programFiles\xampp\htdocs\theme\system\View\View.php(210): include('D:\\programFiles...')
#2 D:\programFiles\xampp\htdocs\theme\system\View\View.php(213): CodeIgniter\View\View->CodeIgniter\View\{closure}()
#3 D:\programFiles\xampp\htdocs\theme\system\Common.php(1089): CodeIgniter\View\View->render('register', Array, true)
#4 D:\programFiles\xampp\htdocs\theme\app\Controllers\UserAuth.php(50): view('register')
#5 D:\programFiles\xampp\htdocs\theme\system\CodeIgniter.php(832): App\Controllers\UserAuth->register()
#6 D:\programFiles\xampp\htdocs\theme\system\CodeIgniter.php(419): CodeIgniter\CodeIgniter->runController(Object(App\Controllers\UserAuth))
#7 D:\programFiles\xampp\htdocs\theme\system\CodeIgniter.php(326): CodeIgniter\CodeIgniter->handleRequest(NULL, Object(Config\Cache), false)
#8 D:\programFiles\xampp\htdocs\theme\public\index.php(37): CodeIgniter\CodeIgniter->run()
#9 D:\programFiles\xampp\htdocs\theme\system\Commands\Server\rewrite.php(43): require_once('D:\\programFiles...')
#10 {main}
CRITICAL - 2022-04-19 07:57:58 --> Undefined variable: validation
#0 D:\programFiles\xampp\htdocs\theme\app\Views\register.php(19): CodeIgniter\Debug\Exceptions->errorHandler(8, 'Undefined varia...', 'D:\\programFiles...', 19, Array)
#1 D:\programFiles\xampp\htdocs\theme\system\View\View.php(210): include('D:\\programFiles...')
#2 D:\programFiles\xampp\htdocs\theme\system\View\View.php(213): CodeIgniter\View\View->CodeIgniter\View\{closure}()
#3 D:\programFiles\xampp\htdocs\theme\system\Common.php(1089): CodeIgniter\View\View->render('register', Array, true)
#4 D:\programFiles\xampp\htdocs\theme\app\Controllers\UserAuth.php(50): view('register')
#5 D:\programFiles\xampp\htdocs\theme\system\CodeIgniter.php(832): App\Controllers\UserAuth->register()
#6 D:\programFiles\xampp\htdocs\theme\system\CodeIgniter.php(419): CodeIgniter\CodeIgniter->runController(Object(App\Controllers\UserAuth))
#7 D:\programFiles\xampp\htdocs\theme\system\CodeIgniter.php(326): CodeIgniter\CodeIgniter->handleRequest(NULL, Object(Config\Cache), false)
#8 D:\programFiles\xampp\htdocs\theme\public\index.php(37): CodeIgniter\CodeIgniter->run()
#9 D:\programFiles\xampp\htdocs\theme\system\Commands\Server\rewrite.php(43): require_once('D:\\programFiles...')
#10 {main}
CRITICAL - 2022-04-19 22:40:13 --> Invalid file: home_page.php
#0 D:\programFiles\xampp\htdocs\theme\system\View\View.php(198): CodeIgniter\Exceptions\FrameworkException::forInvalidFile('home_page.php')
#1 D:\programFiles\xampp\htdocs\theme\system\Common.php(1089): CodeIgniter\View\View->render('home_page', Array, true)
#2 D:\programFiles\xampp\htdocs\theme\app\Controllers\Home.php(10): view('home_page')
#3 D:\programFiles\xampp\htdocs\theme\system\CodeIgniter.php(832): App\Controllers\Home->index()
#4 D:\programFiles\xampp\htdocs\theme\system\CodeIgniter.php(419): CodeIgniter\CodeIgniter->runController(Object(App\Controllers\Home))
#5 D:\programFiles\xampp\htdocs\theme\system\CodeIgniter.php(326): CodeIgniter\CodeIgniter->handleRequest(NULL, Object(Config\Cache), false)
#6 D:\programFiles\xampp\htdocs\theme\public\index.php(37): CodeIgniter\CodeIgniter->run()
#7 D:\programFiles\xampp\htdocs\theme\system\Commands\Server\rewrite.php(43): require_once('D:\\programFiles...')
#8 {main}
CRITICAL - 2022-04-19 22:41:03 --> Invalid file: index2.php
#0 D:\programFiles\xampp\htdocs\theme\system\View\View.php(198): CodeIgniter\Exceptions\FrameworkException::forInvalidFile('index2.php')
#1 D:\programFiles\xampp\htdocs\theme\system\Common.php(1089): CodeIgniter\View\View->render('index2', Array, true)
#2 D:\programFiles\xampp\htdocs\theme\app\Controllers\Main.php(14): view('index2')
#3 D:\programFiles\xampp\htdocs\theme\system\CodeIgniter.php(832): App\Controllers\Main->test()
#4 D:\programFiles\xampp\htdocs\theme\system\CodeIgniter.php(419): CodeIgniter\CodeIgniter->runController(Object(App\Controllers\Main))
#5 D:\programFiles\xampp\htdocs\theme\system\CodeIgniter.php(326): CodeIgniter\CodeIgniter->handleRequest(NULL, Object(Config\Cache), false)
#6 D:\programFiles\xampp\htdocs\theme\public\index.php(37): CodeIgniter\CodeIgniter->run()
#7 D:\programFiles\xampp\htdocs\theme\system\Commands\Server\rewrite.php(43): require_once('D:\\programFiles...')
#8 {main}
CRITICAL - 2022-04-19 22:41:50 --> Invalid file: login.php
#0 D:\programFiles\xampp\htdocs\theme\system\View\View.php(198): CodeIgniter\Exceptions\FrameworkException::forInvalidFile('login.php')
#1 D:\programFiles\xampp\htdocs\theme\system\Common.php(1089): CodeIgniter\View\View->render('login', Array, true)
#2 D:\programFiles\xampp\htdocs\theme\app\Controllers\UserAuth.php(9): view('login')
#3 D:\programFiles\xampp\htdocs\theme\system\CodeIgniter.php(832): App\Controllers\UserAuth->index()
#4 D:\programFiles\xampp\htdocs\theme\system\CodeIgniter.php(419): CodeIgniter\CodeIgniter->runController(Object(App\Controllers\UserAuth))
#5 D:\programFiles\xampp\htdocs\theme\system\CodeIgniter.php(326): CodeIgniter\CodeIgniter->handleRequest(NULL, Object(Config\Cache), false)
#6 D:\programFiles\xampp\htdocs\theme\public\index.php(37): CodeIgniter\CodeIgniter->run()
#7 D:\programFiles\xampp\htdocs\theme\system\Commands\Server\rewrite.php(43): require_once('D:\\programFiles...')
#8 {main}
CRITICAL - 2022-04-19 22:42:16 --> Undefined variable: validation
#0 D:\programFiles\xampp\htdocs\theme\app\Views\register.php(19): CodeIgniter\Debug\Exceptions->errorHandler(8, 'Undefined varia...', 'D:\\programFiles...', 19, Array)
#1 D:\programFiles\xampp\htdocs\theme\system\View\View.php(210): include('D:\\programFiles...')
#2 D:\programFiles\xampp\htdocs\theme\system\View\View.php(213): CodeIgniter\View\View->CodeIgniter\View\{closure}()
#3 D:\programFiles\xampp\htdocs\theme\system\Common.php(1089): CodeIgniter\View\View->render('register', Array, true)
#4 D:\programFiles\xampp\htdocs\theme\app\Controllers\UserAuth.php(48): view('register')
#5 D:\programFiles\xampp\htdocs\theme\system\CodeIgniter.php(832): App\Controllers\UserAuth->register()
#6 D:\programFiles\xampp\htdocs\theme\system\CodeIgniter.php(419): CodeIgniter\CodeIgniter->runController(Object(App\Controllers\UserAuth))
#7 D:\programFiles\xampp\htdocs\theme\system\CodeIgniter.php(326): CodeIgniter\CodeIgniter->handleRequest(NULL, Object(Config\Cache), false)
#8 D:\programFiles\xampp\htdocs\theme\public\index.php(37): CodeIgniter\CodeIgniter->run()
#9 D:\programFiles\xampp\htdocs\theme\system\Commands\Server\rewrite.php(43): require_once('D:\\programFiles...')
#10 {main}
CRITICAL - 2022-04-19 22:44:24 --> Undefined variable: validation
#0 D:\programFiles\xampp\htdocs\theme\app\Views\register.php(19): CodeIgniter\Debug\Exceptions->errorHandler(8, 'Undefined varia...', 'D:\\programFiles...', 19, Array)
#1 D:\programFiles\xampp\htdocs\theme\system\View\View.php(210): include('D:\\programFiles...')
#2 D:\programFiles\xampp\htdocs\theme\system\View\View.php(213): CodeIgniter\View\View->CodeIgniter\View\{closure}()
#3 D:\programFiles\xampp\htdocs\theme\system\Common.php(1089): CodeIgniter\View\View->render('register', Array, true)
#4 D:\programFiles\xampp\htdocs\theme\app\Controllers\UserAuth.php(48): view('register')
#5 D:\programFiles\xampp\htdocs\theme\system\CodeIgniter.php(832): App\Controllers\UserAuth->register()
#6 D:\programFiles\xampp\htdocs\theme\system\CodeIgniter.php(419): CodeIgniter\CodeIgniter->runController(Object(App\Controllers\UserAuth))
#7 D:\programFiles\xampp\htdocs\theme\system\CodeIgniter.php(326): CodeIgniter\CodeIgniter->handleRequest(NULL, Object(Config\Cache), false)
#8 D:\programFiles\xampp\htdocs\theme\public\index.php(37): CodeIgniter\CodeIgniter->run()
#9 D:\programFiles\xampp\htdocs\theme\system\Commands\Server\rewrite.php(43): require_once('D:\\programFiles...')
#10 {main}
CRITICAL - 2022-04-19 22:44:29 --> Undefined variable: validation
#0 D:\programFiles\xampp\htdocs\theme\app\Views\register.php(19): CodeIgniter\Debug\Exceptions->errorHandler(8, 'Undefined varia...', 'D:\\programFiles...', 19, Array)
#1 D:\programFiles\xampp\htdocs\theme\system\View\View.php(210): include('D:\\programFiles...')
#2 D:\programFiles\xampp\htdocs\theme\system\View\View.php(213): CodeIgniter\View\View->CodeIgniter\View\{closure}()
#3 D:\programFiles\xampp\htdocs\theme\system\Common.php(1089): CodeIgniter\View\View->render('register', Array, true)
#4 D:\programFiles\xampp\htdocs\theme\app\Controllers\UserAuth.php(48): view('register')
#5 D:\programFiles\xampp\htdocs\theme\system\CodeIgniter.php(832): App\Controllers\UserAuth->register()
#6 D:\programFiles\xampp\htdocs\theme\system\CodeIgniter.php(419): CodeIgniter\CodeIgniter->runController(Object(App\Controllers\UserAuth))
#7 D:\programFiles\xampp\htdocs\theme\system\CodeIgniter.php(326): CodeIgniter\CodeIgniter->handleRequest(NULL, Object(Config\Cache), false)
#8 D:\programFiles\xampp\htdocs\theme\public\index.php(37): CodeIgniter\CodeIgniter->run()
#9 D:\programFiles\xampp\htdocs\theme\system\Commands\Server\rewrite.php(43): require_once('D:\\programFiles...')
#10 {main}
CRITICAL - 2022-04-19 23:17:17 --> syntax error, unexpected end of file
#0 D:\programFiles\xampp\htdocs\theme\system\View\View.php(213): CodeIgniter\View\View->CodeIgniter\View\{closure}()
#1 D:\programFiles\xampp\htdocs\theme\system\Common.php(1089): CodeIgniter\View\View->render('register', Array, true)
#2 D:\programFiles\xampp\htdocs\theme\app\Controllers\UserAuth.php(53): view('register')
#3 D:\programFiles\xampp\htdocs\theme\system\CodeIgniter.php(832): App\Controllers\UserAuth->register()
#4 D:\programFiles\xampp\htdocs\theme\system\CodeIgniter.php(419): CodeIgniter\CodeIgniter->runController(Object(App\Controllers\UserAuth))
#5 D:\programFiles\xampp\htdocs\theme\system\CodeIgniter.php(326): CodeIgniter\CodeIgniter->handleRequest(NULL, Object(Config\Cache), false)
#6 D:\programFiles\xampp\htdocs\theme\public\index.php(37): CodeIgniter\CodeIgniter->run()
#7 D:\programFiles\xampp\htdocs\theme\system\Commands\Server\rewrite.php(43): require_once('D:\\programFiles...')
#8 {main}
CRITICAL - 2022-04-19 23:42:14 --> Undefined property: CodeIgniter\View\View::$form_validation
#0 D:\programFiles\xampp\htdocs\theme\app\Views\register.php(24): CodeIgniter\Debug\Exceptions->errorHandler(8, 'Undefined prope...', 'D:\\programFiles...', 24, Array)
#1 D:\programFiles\xampp\htdocs\theme\system\View\View.php(210): include('D:\\programFiles...')
#2 D:\programFiles\xampp\htdocs\theme\system\View\View.php(213): CodeIgniter\View\View->CodeIgniter\View\{closure}()
#3 D:\programFiles\xampp\htdocs\theme\system\Common.php(1089): CodeIgniter\View\View->render('register', Array, true)
#4 D:\programFiles\xampp\htdocs\theme\app\Controllers\UserAuth.php(44): view('register')
#5 D:\programFiles\xampp\htdocs\theme\system\CodeIgniter.php(832): App\Controllers\UserAuth->register()
#6 D:\programFiles\xampp\htdocs\theme\system\CodeIgniter.php(419): CodeIgniter\CodeIgniter->runController(Object(App\Controllers\UserAuth))
#7 D:\programFiles\xampp\htdocs\theme\system\CodeIgniter.php(326): CodeIgniter\CodeIgniter->handleRequest(NULL, Object(Config\Cache), false)
#8 D:\programFiles\xampp\htdocs\theme\public\index.php(37): CodeIgniter\CodeIgniter->run()
#9 D:\programFiles\xampp\htdocs\theme\system\Commands\Server\rewrite.php(43): require_once('D:\\programFiles...')
#10 {main}
CRITICAL - 2022-04-19 23:42:57 --> Call to undefined method CodeIgniter\Validation\Validation::set_error_delimiters()
#0 D:\programFiles\xampp\htdocs\theme\system\View\View.php(210): include()
#1 D:\programFiles\xampp\htdocs\theme\system\View\View.php(213): CodeIgniter\View\View->CodeIgniter\View\{closure}()
#2 D:\programFiles\xampp\htdocs\theme\system\Common.php(1089): CodeIgniter\View\View->render('register', Array, true)
#3 D:\programFiles\xampp\htdocs\theme\app\Controllers\UserAuth.php(44): view('register')
#4 D:\programFiles\xampp\htdocs\theme\system\CodeIgniter.php(832): App\Controllers\UserAuth->register()
#5 D:\programFiles\xampp\htdocs\theme\system\CodeIgniter.php(419): CodeIgniter\CodeIgniter->runController(Object(App\Controllers\UserAuth))
#6 D:\programFiles\xampp\htdocs\theme\system\CodeIgniter.php(326): CodeIgniter\CodeIgniter->handleRequest(NULL, Object(Config\Cache), false)
#7 D:\programFiles\xampp\htdocs\theme\public\index.php(37): CodeIgniter\CodeIgniter->run()
#8 D:\programFiles\xampp\htdocs\theme\system\Commands\Server\rewrite.php(43): require_once('D:\\programFiles...')
#9 {main}
