CRITICAL - 2022-04-20 00:00:33 --> Invalid file: success.php
#0 D:\programFiles\xampp\htdocs\theme\system\View\View.php(198): CodeIgniter\Exceptions\FrameworkException::forInvalidFile('success.php')
#1 D:\programFiles\xampp\htdocs\theme\system\Common.php(1089): CodeIgniter\View\View->render('success', Array, true)
#2 D:\programFiles\xampp\htdocs\theme\app\Controllers\UserAuth.php(38): view('success')
#3 D:\programFiles\xampp\htdocs\theme\system\CodeIgniter.php(832): App\Controllers\UserAuth->register()
#4 D:\programFiles\xampp\htdocs\theme\system\CodeIgniter.php(419): CodeIgniter\CodeIgniter->runController(Object(App\Controllers\UserAuth))
#5 D:\programFiles\xampp\htdocs\theme\system\CodeIgniter.php(326): CodeIgniter\CodeIgniter->handleRequest(NULL, Object(Config\Cache), false)
#6 D:\programFiles\xampp\htdocs\theme\public\index.php(37): CodeIgniter\CodeIgniter->run()
#7 D:\programFiles\xampp\htdocs\theme\system\Commands\Server\rewrite.php(43): require_once('D:\\programFiles...')
#8 {main}
CRITICAL - 2022-04-20 00:00:41 --> Invalid file: success.php
#0 D:\programFiles\xampp\htdocs\theme\system\View\View.php(198): CodeIgniter\Exceptions\FrameworkException::forInvalidFile('success.php')
#1 D:\programFiles\xampp\htdocs\theme\system\Common.php(1089): CodeIgniter\View\View->render('success', Array, true)
#2 D:\programFiles\xampp\htdocs\theme\app\Controllers\UserAuth.php(38): view('success')
#3 D:\programFiles\xampp\htdocs\theme\system\CodeIgniter.php(832): App\Controllers\UserAuth->register()
#4 D:\programFiles\xampp\htdocs\theme\system\CodeIgniter.php(419): CodeIgniter\CodeIgniter->runController(Object(App\Controllers\UserAuth))
#5 D:\programFiles\xampp\htdocs\theme\system\CodeIgniter.php(326): CodeIgniter\CodeIgniter->handleRequest(NULL, Object(Config\Cache), false)
#6 D:\programFiles\xampp\htdocs\theme\public\index.php(37): CodeIgniter\CodeIgniter->run()
#7 D:\programFiles\xampp\htdocs\theme\system\Commands\Server\rewrite.php(43): require_once('D:\\programFiles...')
#8 {main}
CRITICAL - 2022-04-20 00:40:22 --> Array to string conversion
#0 D:\programFiles\xampp\htdocs\theme\app\Views\register.php(26): CodeIgniter\Debug\Exceptions->errorHandler(8, 'Array to string...', 'D:\\programFiles...', 26, Array)
#1 D:\programFiles\xampp\htdocs\theme\system\View\View.php(210): include('D:\\programFiles...')
#2 D:\programFiles\xampp\htdocs\theme\system\View\View.php(213): CodeIgniter\View\View->CodeIgniter\View\{closure}()
#3 D:\programFiles\xampp\htdocs\theme\system\Common.php(1089): CodeIgniter\View\View->render('register', Array, true)
#4 D:\programFiles\xampp\htdocs\theme\app\Controllers\UserAuth.php(46): view('register')
#5 D:\programFiles\xampp\htdocs\theme\system\CodeIgniter.php(832): App\Controllers\UserAuth->register()
#6 D:\programFiles\xampp\htdocs\theme\system\CodeIgniter.php(419): CodeIgniter\CodeIgniter->runController(Object(App\Controllers\UserAuth))
#7 D:\programFiles\xampp\htdocs\theme\system\CodeIgniter.php(326): CodeIgniter\CodeIgniter->handleRequest(NULL, Object(Config\Cache), false)
#8 D:\programFiles\xampp\htdocs\theme\public\index.php(37): CodeIgniter\CodeIgniter->run()
#9 D:\programFiles\xampp\htdocs\theme\system\Commands\Server\rewrite.php(43): require_once('D:\\programFiles...')
#10 {main}
CRITICAL - 2022-04-20 00:40:32 --> Array to string conversion
#0 D:\programFiles\xampp\htdocs\theme\app\Views\register.php(26): CodeIgniter\Debug\Exceptions->errorHandler(8, 'Array to string...', 'D:\\programFiles...', 26, Array)
#1 D:\programFiles\xampp\htdocs\theme\system\View\View.php(210): include('D:\\programFiles...')
#2 D:\programFiles\xampp\htdocs\theme\system\View\View.php(213): CodeIgniter\View\View->CodeIgniter\View\{closure}()
#3 D:\programFiles\xampp\htdocs\theme\system\Common.php(1089): CodeIgniter\View\View->render('register', Array, true)
#4 D:\programFiles\xampp\htdocs\theme\app\Controllers\UserAuth.php(46): view('register')
#5 D:\programFiles\xampp\htdocs\theme\system\CodeIgniter.php(832): App\Controllers\UserAuth->register()
#6 D:\programFiles\xampp\htdocs\theme\system\CodeIgniter.php(419): CodeIgniter\CodeIgniter->runController(Object(App\Controllers\UserAuth))
#7 D:\programFiles\xampp\htdocs\theme\system\CodeIgniter.php(326): CodeIgniter\CodeIgniter->handleRequest(NULL, Object(Config\Cache), false)
#8 D:\programFiles\xampp\htdocs\theme\public\index.php(37): CodeIgniter\CodeIgniter->run()
#9 D:\programFiles\xampp\htdocs\theme\system\Commands\Server\rewrite.php(43): require_once('D:\\programFiles...')
#10 {main}
CRITICAL - 2022-04-20 00:41:13 --> Array to string conversion
#0 D:\programFiles\xampp\htdocs\theme\app\Views\register.php(26): CodeIgniter\Debug\Exceptions->errorHandler(8, 'Array to string...', 'D:\\programFiles...', 26, Array)
#1 D:\programFiles\xampp\htdocs\theme\system\View\View.php(210): include('D:\\programFiles...')
#2 D:\programFiles\xampp\htdocs\theme\system\View\View.php(213): CodeIgniter\View\View->CodeIgniter\View\{closure}()
#3 D:\programFiles\xampp\htdocs\theme\system\Common.php(1089): CodeIgniter\View\View->render('register', Array, true)
#4 D:\programFiles\xampp\htdocs\theme\app\Controllers\UserAuth.php(34): view('register')
#5 D:\programFiles\xampp\htdocs\theme\system\CodeIgniter.php(832): App\Controllers\UserAuth->register()
#6 D:\programFiles\xampp\htdocs\theme\system\CodeIgniter.php(419): CodeIgniter\CodeIgniter->runController(Object(App\Controllers\UserAuth))
#7 D:\programFiles\xampp\htdocs\theme\system\CodeIgniter.php(326): CodeIgniter\CodeIgniter->handleRequest(NULL, Object(Config\Cache), false)
#8 D:\programFiles\xampp\htdocs\theme\public\index.php(37): CodeIgniter\CodeIgniter->run()
#9 D:\programFiles\xampp\htdocs\theme\system\Commands\Server\rewrite.php(43): require_once('D:\\programFiles...')
#10 {main}
CRITICAL - 2022-04-20 00:41:43 --> Undefined variable: showErr
#0 D:\programFiles\xampp\htdocs\theme\app\Views\register.php(30): CodeIgniter\Debug\Exceptions->errorHandler(8, 'Undefined varia...', 'D:\\programFiles...', 30, Array)
#1 D:\programFiles\xampp\htdocs\theme\system\View\View.php(210): include('D:\\programFiles...')
#2 D:\programFiles\xampp\htdocs\theme\system\View\View.php(213): CodeIgniter\View\View->CodeIgniter\View\{closure}()
#3 D:\programFiles\xampp\htdocs\theme\system\Common.php(1089): CodeIgniter\View\View->render('register', Array, true)
#4 D:\programFiles\xampp\htdocs\theme\app\Controllers\UserAuth.php(46): view('register')
#5 D:\programFiles\xampp\htdocs\theme\system\CodeIgniter.php(832): App\Controllers\UserAuth->register()
#6 D:\programFiles\xampp\htdocs\theme\system\CodeIgniter.php(419): CodeIgniter\CodeIgniter->runController(Object(App\Controllers\UserAuth))
#7 D:\programFiles\xampp\htdocs\theme\system\CodeIgniter.php(326): CodeIgniter\CodeIgniter->handleRequest(NULL, Object(Config\Cache), false)
#8 D:\programFiles\xampp\htdocs\theme\public\index.php(37): CodeIgniter\CodeIgniter->run()
#9 D:\programFiles\xampp\htdocs\theme\system\Commands\Server\rewrite.php(43): require_once('D:\\programFiles...')
#10 {main}
CRITICAL - 2022-04-20 01:05:20 --> Argument 1 passed to CodeIgniter\Validation\Validation::run() must be of the type array or null, object given, called in D:\programFiles\xampp\htdocs\theme\app\Controllers\UserAuth.php on line 26
#0 D:\programFiles\xampp\htdocs\theme\app\Controllers\UserAuth.php(26): CodeIgniter\Validation\Validation->run(Object(CodeIgniter\Validation\Validation))
#1 D:\programFiles\xampp\htdocs\theme\system\CodeIgniter.php(832): App\Controllers\UserAuth->register()
#2 D:\programFiles\xampp\htdocs\theme\system\CodeIgniter.php(419): CodeIgniter\CodeIgniter->runController(Object(App\Controllers\UserAuth))
#3 D:\programFiles\xampp\htdocs\theme\system\CodeIgniter.php(326): CodeIgniter\CodeIgniter->handleRequest(NULL, Object(Config\Cache), false)
#4 D:\programFiles\xampp\htdocs\theme\public\index.php(37): CodeIgniter\CodeIgniter->run()
#5 D:\programFiles\xampp\htdocs\theme\system\Commands\Server\rewrite.php(43): require_once('D:\\programFiles...')
#6 {main}
CRITICAL - 2022-04-20 01:11:15 --> syntax error, unexpected ')', expecting ']'
#0 D:\programFiles\xampp\htdocs\theme\system\Router\Router.php(175): CodeIgniter\Router\Router->autoRoute('UserAuth/regist...')
#1 D:\programFiles\xampp\htdocs\theme\system\CodeIgniter.php(726): CodeIgniter\Router\Router->handle('UserAuth/regist...')
#2 D:\programFiles\xampp\htdocs\theme\system\CodeIgniter.php(368): CodeIgniter\CodeIgniter->tryToRouteIt(Object(CodeIgniter\Router\RouteCollection))
#3 D:\programFiles\xampp\htdocs\theme\system\CodeIgniter.php(326): CodeIgniter\CodeIgniter->handleRequest(NULL, Object(Config\Cache), false)
#4 D:\programFiles\xampp\htdocs\theme\public\index.php(37): CodeIgniter\CodeIgniter->run()
#5 D:\programFiles\xampp\htdocs\theme\system\Commands\Server\rewrite.php(43): require_once('D:\\programFiles...')
#6 {main}
CRITICAL - 2022-04-20 01:20:05 --> Undefined index: id
#0 D:\programFiles\xampp\htdocs\theme\app\Models\UserModel.php(15): CodeIgniter\Debug\Exceptions->errorHandler(8, 'Undefined index...', 'D:\\programFiles...', 15, Array)
#1 D:\programFiles\xampp\htdocs\theme\app\Controllers\UserAuth.php(43): App\Models\UserModel->insert_edit_User(Array)
#2 D:\programFiles\xampp\htdocs\theme\system\CodeIgniter.php(832): App\Controllers\UserAuth->register()
#3 D:\programFiles\xampp\htdocs\theme\system\CodeIgniter.php(419): CodeIgniter\CodeIgniter->runController(Object(App\Controllers\UserAuth))
#4 D:\programFiles\xampp\htdocs\theme\system\CodeIgniter.php(326): CodeIgniter\CodeIgniter->handleRequest(NULL, Object(Config\Cache), false)
#5 D:\programFiles\xampp\htdocs\theme\public\index.php(37): CodeIgniter\CodeIgniter->run()
#6 D:\programFiles\xampp\htdocs\theme\system\Commands\Server\rewrite.php(43): require_once('D:\\programFiles...')
#7 {main}
CRITICAL - 2022-04-20 01:23:19 --> Too few arguments to function App\Models\UserModel::insert_edit_User(), 1 passed in D:\programFiles\xampp\htdocs\theme\app\Controllers\UserAuth.php on line 43 and exactly 2 expected
#0 D:\programFiles\xampp\htdocs\theme\app\Controllers\UserAuth.php(43): App\Models\UserModel->insert_edit_User(Array)
#1 D:\programFiles\xampp\htdocs\theme\system\CodeIgniter.php(832): App\Controllers\UserAuth->register()
#2 D:\programFiles\xampp\htdocs\theme\system\CodeIgniter.php(419): CodeIgniter\CodeIgniter->runController(Object(App\Controllers\UserAuth))
#3 D:\programFiles\xampp\htdocs\theme\system\CodeIgniter.php(326): CodeIgniter\CodeIgniter->handleRequest(NULL, Object(Config\Cache), false)
#4 D:\programFiles\xampp\htdocs\theme\public\index.php(37): CodeIgniter\CodeIgniter->run()
#5 D:\programFiles\xampp\htdocs\theme\system\Commands\Server\rewrite.php(43): require_once('D:\\programFiles...')
#6 {main}
CRITICAL - 2022-04-20 01:23:30 --> Undefined index: id
#0 D:\programFiles\xampp\htdocs\theme\app\Models\UserModel.php(15): CodeIgniter\Debug\Exceptions->errorHandler(8, 'Undefined index...', 'D:\\programFiles...', 15, Array)
#1 D:\programFiles\xampp\htdocs\theme\app\Controllers\UserAuth.php(43): App\Models\UserModel->insert_edit_User(Array)
#2 D:\programFiles\xampp\htdocs\theme\system\CodeIgniter.php(832): App\Controllers\UserAuth->register()
#3 D:\programFiles\xampp\htdocs\theme\system\CodeIgniter.php(419): CodeIgniter\CodeIgniter->runController(Object(App\Controllers\UserAuth))
#4 D:\programFiles\xampp\htdocs\theme\system\CodeIgniter.php(326): CodeIgniter\CodeIgniter->handleRequest(NULL, Object(Config\Cache), false)
#5 D:\programFiles\xampp\htdocs\theme\public\index.php(37): CodeIgniter\CodeIgniter->run()
#6 D:\programFiles\xampp\htdocs\theme\system\Commands\Server\rewrite.php(43): require_once('D:\\programFiles...')
#7 {main}
ERROR - 2022-04-20 01:24:00 --> Error connecting to the database: Access denied for user '****'@'localhost' (using password: YES)
CRITICAL - 2022-04-20 01:24:00 --> Unable to connect to the database.
Main connection [MySQLi]: Access denied for user '****'@'localhost' (using password: YES)
#0 D:\programFiles\xampp\htdocs\theme\system\Database\BaseConnection.php(577): CodeIgniter\Database\BaseConnection->initialize()
#1 D:\programFiles\xampp\htdocs\theme\system\Database\BaseBuilder.php(1455): CodeIgniter\Database\BaseConnection->query('SELECT *\nFROM `...', Array, false)
#2 D:\programFiles\xampp\htdocs\theme\app\Models\UserModel.php(16): CodeIgniter\Database\BaseBuilder->get()
#3 D:\programFiles\xampp\htdocs\theme\app\Controllers\UserAuth.php(43): App\Models\UserModel->insert_edit_User(Array)
#4 D:\programFiles\xampp\htdocs\theme\system\CodeIgniter.php(832): App\Controllers\UserAuth->register()
#5 D:\programFiles\xampp\htdocs\theme\system\CodeIgniter.php(419): CodeIgniter\CodeIgniter->runController(Object(App\Controllers\UserAuth))
#6 D:\programFiles\xampp\htdocs\theme\system\CodeIgniter.php(326): CodeIgniter\CodeIgniter->handleRequest(NULL, Object(Config\Cache), false)
#7 D:\programFiles\xampp\htdocs\theme\public\index.php(37): CodeIgniter\CodeIgniter->run()
#8 D:\programFiles\xampp\htdocs\theme\system\Commands\Server\rewrite.php(43): require_once('D:\\programFiles...')
#9 {main}
CRITICAL - 2022-04-20 01:24:22 --> Call to a member function isValid() on string
#0 D:\programFiles\xampp\htdocs\theme\app\Controllers\UserAuth.php(43): App\Models\UserModel->insert_edit_User(Array)
#1 D:\programFiles\xampp\htdocs\theme\system\CodeIgniter.php(832): App\Controllers\UserAuth->register()
#2 D:\programFiles\xampp\htdocs\theme\system\CodeIgniter.php(419): CodeIgniter\CodeIgniter->runController(Object(App\Controllers\UserAuth))
#3 D:\programFiles\xampp\htdocs\theme\system\CodeIgniter.php(326): CodeIgniter\CodeIgniter->handleRequest(NULL, Object(Config\Cache), false)
#4 D:\programFiles\xampp\htdocs\theme\public\index.php(37): CodeIgniter\CodeIgniter->run()
#5 D:\programFiles\xampp\htdocs\theme\system\Commands\Server\rewrite.php(43): require_once('D:\\programFiles...')
#6 {main}
CRITICAL - 2022-04-20 01:30:04 --> Too few arguments to function App\Models\UserModel::insert_data(), 1 passed in D:\programFiles\xampp\htdocs\theme\app\Controllers\UserAuth.php on line 43 and exactly 2 expected
#0 D:\programFiles\xampp\htdocs\theme\app\Controllers\UserAuth.php(43): App\Models\UserModel->insert_data(Array)
#1 D:\programFiles\xampp\htdocs\theme\system\CodeIgniter.php(832): App\Controllers\UserAuth->register()
#2 D:\programFiles\xampp\htdocs\theme\system\CodeIgniter.php(419): CodeIgniter\CodeIgniter->runController(Object(App\Controllers\UserAuth))
#3 D:\programFiles\xampp\htdocs\theme\system\CodeIgniter.php(326): CodeIgniter\CodeIgniter->handleRequest(NULL, Object(Config\Cache), false)
#4 D:\programFiles\xampp\htdocs\theme\public\index.php(37): CodeIgniter\CodeIgniter->run()
#5 D:\programFiles\xampp\htdocs\theme\system\Commands\Server\rewrite.php(43): require_once('D:\\programFiles...')
#6 {main}
ERROR - 2022-04-20 01:30:29 --> Table 'ci4.tbl_user' doesn't exist
CRITICAL - 2022-04-20 01:30:29 --> Table 'ci4.tbl_user' doesn't exist
#0 D:\programFiles\xampp\htdocs\theme\system\Database\MySQLi\Connection.php(292): mysqli->query('INSERT INTO `tb...', 0)
#1 D:\programFiles\xampp\htdocs\theme\system\Database\BaseConnection.php(670): CodeIgniter\Database\MySQLi\Connection->execute('INSERT INTO `tb...')
#2 D:\programFiles\xampp\htdocs\theme\system\Database\BaseConnection.php(598): CodeIgniter\Database\BaseConnection->simpleQuery('INSERT INTO `tb...')
#3 D:\programFiles\xampp\htdocs\theme\system\Database\BaseBuilder.php(1771): CodeIgniter\Database\BaseConnection->query('INSERT INTO `tb...', Array, false)
#4 D:\programFiles\xampp\htdocs\theme\app\Models\UserModel.php(25): CodeIgniter\Database\BaseBuilder->insert(Array)
#5 D:\programFiles\xampp\htdocs\theme\app\Controllers\UserAuth.php(43): App\Models\UserModel->insert_data(Array, 'tbl_user')
#6 D:\programFiles\xampp\htdocs\theme\system\CodeIgniter.php(832): App\Controllers\UserAuth->register()
#7 D:\programFiles\xampp\htdocs\theme\system\CodeIgniter.php(419): CodeIgniter\CodeIgniter->runController(Object(App\Controllers\UserAuth))
#8 D:\programFiles\xampp\htdocs\theme\system\CodeIgniter.php(326): CodeIgniter\CodeIgniter->handleRequest(NULL, Object(Config\Cache), false)
#9 D:\programFiles\xampp\htdocs\theme\public\index.php(37): CodeIgniter\CodeIgniter->run()
#10 D:\programFiles\xampp\htdocs\theme\system\Commands\Server\rewrite.php(43): require_once('D:\\programFiles...')
#11 {main}
CRITICAL - 2022-04-20 23:11:47 --> Invalid file: home_page.php
#0 D:\programFiles\xampp\htdocs\theme\system\View\View.php(198): CodeIgniter\Exceptions\FrameworkException::forInvalidFile('home_page.php')
#1 D:\programFiles\xampp\htdocs\theme\system\Common.php(1089): CodeIgniter\View\View->render('home_page', Array, true)
#2 D:\programFiles\xampp\htdocs\theme\app\Controllers\Home.php(10): view('home_page')
#3 D:\programFiles\xampp\htdocs\theme\system\CodeIgniter.php(832): App\Controllers\Home->index()
#4 D:\programFiles\xampp\htdocs\theme\system\CodeIgniter.php(419): CodeIgniter\CodeIgniter->runController(Object(App\Controllers\Home))
#5 D:\programFiles\xampp\htdocs\theme\system\CodeIgniter.php(326): CodeIgniter\CodeIgniter->handleRequest(NULL, Object(Config\Cache), false)
#6 D:\programFiles\xampp\htdocs\theme\public\index.php(37): CodeIgniter\CodeIgniter->run()
#7 D:\programFiles\xampp\htdocs\theme\system\Commands\Server\rewrite.php(43): require_once('D:\\programFiles...')
#8 {main}
